Fri Sep 13 00:24:43 CAT 2024: Changes committed with message: push
Fri Sep 13 00:24:49 CAT 2024: Changes pushed to origin/master
Fri Sep 13 00:34:17 CAT 2024: Changes committed with message: sw.js
Fri Sep 13 00:34:21 CAT 2024: Changes pushed to origin/master
Fri Sep 13 00:55:50 CAT 2024: Changes committed with message: manifest,icons
Fri Sep 13 00:55:58 CAT 2024: Changes pushed to origin/master
Fri Sep 13 01:06:05 CAT 2024: Changes committed with message: push
Fri Sep 13 01:06:12 CAT 2024: Changes pushed to origin/master
Fri Sep 13 01:18:51 CAT 2024: Changes committed with message: push
Fri Sep 13 01:18:57 CAT 2024: Changes pushed to origin/master
Fri Sep 13 01:21:31 CAT 2024: Changes committed with message: y
Fri Sep 13 01:21:38 CAT 2024: Changes pushed to origin/master
Fri Sep 13 08:06:14 CAT 2024: Changes committed with message: added gesture
Fri Sep 13 08:06:22 CAT 2024: Changes pushed to origin/master
Fri Sep 13 08:07:58 CAT 2024: Changes committed with message: fullscreen
Fri Sep 13 08:08:03 CAT 2024: Changes pushed to origin/master
Fri Sep 13 08:22:08 CAT 2024: Changes committed with message: push notif
Fri Sep 13 08:22:14 CAT 2024: Changes pushed to origin/master
Fri Sep 13 08:24:05 CAT 2024: Changes committed with message: test rm
Fri Sep 13 08:24:14 CAT 2024: Changes pushed to origin/master
Fri Sep 13 08:27:54 CAT 2024: Changes committed with message: working app
Fri Sep 13 08:28:00 CAT 2024: Changes pushed to origin/master
Fri Sep 13 09:16:05 CAT 2024: Changes committed with message: added fullscreen
Fri Sep 13 09:16:11 CAT 2024: Changes pushed to origin/master
Fri Sep 13 09:19:33 CAT 2024: Changes committed with message: dark up
Fri Sep 13 09:19:39 CAT 2024: Changes pushed to origin/master
Fri Sep 13 09:35:45 CAT 2024: Changes committed with message: screenshots
Fri Sep 13 09:35:52 CAT 2024: Changes pushed to origin/master
Fri Sep 13 10:16:49 CAT 2024: Changes committed with message: m icon
Fri Sep 13 10:16:55 CAT 2024: Changes pushed to origin/master
Fri Sep 13 10:19:47 CAT 2024: Changes committed with message: screen
Fri Sep 13 10:19:52 CAT 2024: Changes pushed to origin/master
Fri Sep 13 10:22:22 CAT 2024: Changes committed with message: any
Fri Sep 13 10:22:27 CAT 2024: Changes pushed to origin/master
Fri Sep 13 10:35:27 CAT 2024: Changes committed with message: icons
Fri Sep 13 10:35:44 CAT 2024: Changes pushed to origin/master
Fri Sep 13 10:37:58 CAT 2024: Changes committed with message: 1
Fri Sep 13 10:38:04 CAT 2024: Changes pushed to origin/master
Fri Sep 13 10:44:39 CAT 2024: Changes committed with message: icon2
Fri Sep 13 10:44:52 CAT 2024: Changes pushed to origin/master
Sat Sep 14 20:12:06 CAT 2024: Changes committed with message: updated app info
Sat Sep 14 20:12:12 CAT 2024: Changes pushed to origin/master
Sat Sep 14 20:12:24 CAT 2024: Changes pushed to origin/master
Sat Sep 14 20:12:34 CAT 2024: Changes pushed to origin/master
Sat Sep 14 20:23:47 CAT 2024: Changes pushed to origin/master
Sat Sep 14 21:11:23 CAT 2024: Changes committed with message: manifest
Sat Sep 14 21:11:29 CAT 2024: Changes pushed to origin/master
Sat Sep 14 21:15:30 CAT 2024: Changes committed with message: mani
Sat Sep 14 21:15:35 CAT 2024: Changes pushed to origin/master
Sat Sep 14 22:46:41 CAT 2024: Changes committed with message: periodic sync
Sat Sep 14 22:46:50 CAT 2024: Changes pushed to origin/master
Sat Sep 14 23:07:25 CAT 2024: Changes committed with message: new logo
Sat Sep 14 23:07:30 CAT 2024: Changes pushed to origin/master
Sat Sep 14 23:29:33 CAT 2024: Changes committed with message: oled
Sat Sep 14 23:29:41 CAT 2024: Changes pushed to origin/master
Sun Sep 15 15:13:16 CAT 2024: Changes committed with message: added settings page full
Sun Sep 15 15:13:22 CAT 2024: Changes pushed to origin/master
Mon Sep 16 00:20:23 CAT 2024: Changes committed with message: menu setting
Mon Sep 16 00:20:28 CAT 2024: Changes pushed to origin/master
Mon Sep 16 13:22:42 CAT 2024: Changes committed with message: settings page complete
Mon Sep 16 13:23:04 CAT 2024: Changes pushed to origin/master
Mon Sep 16 20:20:30 CAT 2024: Changes committed with message: upd. sw
Mon Sep 16 20:20:32 CAT 2024: Changes pushed to origin/master
Mon Sep 16 20:22:09 CAT 2024: Changes committed with message: upd. manifest
Mon Sep 16 20:22:11 CAT 2024: Changes pushed to origin/master
Mon Sep 16 20:22:31 CAT 2024: Changes pushed to origin/master
